<?xml version="1.0" encoding="UTF-8"?>
<!-- Generated by org.testng.reporters.JUnitReportReporter -->
<testsuite hostname="DESKTOP-HBK8B2D" failures="0" tests="1" name="com.testingshastra.UItests.HomePageTests" time="22.518" errors="0" timestamp="2021-11-12T10:16:33 IST" skipped="0">
  <testcase classname="com.testingshastra.UItests.HomePageTests" name="vrifyTitleOfHomePage" time="22.518"/>
  <system-out/>
</testsuite> <!-- com.testingshastra.UItests.HomePageTests -->
