<?xml version="1.0" encoding="UTF-8"?>
<!-- Generated by org.testng.reporters.JUnitReportReporter -->
<testsuite hostname="DESKTOP-HBK8B2D" failures="0" tests="4" name="com.testingshastrasignuptests.HomePageTests" time="81.237" errors="0" timestamp="2021-11-13T07:44:02 IST" skipped="0">
  <testcase classname="com.testingshastrasignuptests.HomePageTests" name="clickOnNavBar" time="41.391"/>
  <system-out/>
  <testcase classname="com.testingshastrasignuptests.HomePageTests" name="verifyIfUserRedirectsToJoinMeetingPage" time="16.320"/>
  <system-out/>
  <testcase classname="com.testingshastrasignuptests.HomePageTests" name="verifyTitleOfHomePage" time="12.990"/>
  <system-out/>
  <testcase classname="com.testingshastrasignuptests.HomePageTests" name="printAllInfoLinks" time="10.536"/>
  <system-out/>
</testsuite> <!-- com.testingshastrasignuptests.HomePageTests -->
